0 info it worked if it ends with ok
1 verbose cli [ '/home/ubuntu/.nvm/v0.10.35/bin/node',
1 verbose cli   '/home/ubuntu/.nvm/v0.10.35/bin/npm',
1 verbose cli   'install',
1 verbose cli   'glup',
1 verbose cli   '-g' ]
2 info using npm@1.4.28
3 info using node@v0.10.35
4 verbose cache add [ 'glup', null ]
5 verbose cache add name=undefined spec="glup" args=["glup",null]
6 verbose parsed url { protocol: null,
6 verbose parsed url   slashes: null,
6 verbose parsed url   auth: null,
6 verbose parsed url   host: null,
6 verbose parsed url   port: null,
6 verbose parsed url   hostname: null,
6 verbose parsed url   hash: null,
6 verbose parsed url   search: null,
6 verbose parsed url   query: null,
6 verbose parsed url   pathname: 'glup',
6 verbose parsed url   path: 'glup',
6 verbose parsed url   href: 'glup' }
7 silly lockFile 55a217f8-glup glup
8 verbose lock glup /home/ubuntu/.npm/55a217f8-glup.lock
9 silly lockFile 55a217f8-glup glup
10 silly lockFile 55a217f8-glup glup
11 verbose addNamed [ 'glup', '' ]
12 verbose addNamed [ null, '*' ]
13 silly lockFile 5f2e066f-glup glup@
14 verbose lock glup@ /home/ubuntu/.npm/5f2e066f-glup.lock
15 silly addNameRange { name: 'glup', range: '*', hasData: false }
16 verbose request where is /glup
17 verbose request registry https://registry.npmjs.org/
18 verbose request id ee61a95a965eb640
19 verbose url raw /glup
20 verbose url resolving [ 'https://registry.npmjs.org/', './glup' ]
21 verbose url resolved https://registry.npmjs.org/glup
22 verbose request where is https://registry.npmjs.org/glup
23 info trying registry request attempt 1 at 10:25:59
24 http GET https://registry.npmjs.org/glup
25 http 404 https://registry.npmjs.org/glup
26 verbose headers { server: 'CouchDB/1.5.0 (Erlang OTP/R16B03)',
26 verbose headers   'content-type': 'application/json',
26 verbose headers   'cache-control': 'max-age=0',
26 verbose headers   'content-length': '51',
26 verbose headers   'accept-ranges': 'bytes',
26 verbose headers   date: 'Sat, 11 Jul 2015 10:26:00 GMT',
26 verbose headers   via: '1.1 varnish',
26 verbose headers   age: '0',
26 verbose headers   connection: 'keep-alive',
26 verbose headers   'x-served-by': 'cache-hkg6823-HKG',
26 verbose headers   'x-cache': 'MISS',
26 verbose headers   'x-cache-hits': '0',
26 verbose headers   'x-timer': 'S1436610359.732227,VS0,VE1017' }
27 silly registry.get cb [ 404,
27 silly registry.get   { server: 'CouchDB/1.5.0 (Erlang OTP/R16B03)',
27 silly registry.get     'content-type': 'application/json',
27 silly registry.get     'cache-control': 'max-age=0',
27 silly registry.get     'content-length': '51',
27 silly registry.get     'accept-ranges': 'bytes',
27 silly registry.get     date: 'Sat, 11 Jul 2015 10:26:00 GMT',
27 silly registry.get     via: '1.1 varnish',
27 silly registry.get     age: '0',
27 silly registry.get     connection: 'keep-alive',
27 silly registry.get     'x-served-by': 'cache-hkg6823-HKG',
27 silly registry.get     'x-cache': 'MISS',
27 silly registry.get     'x-cache-hits': '0',
27 silly registry.get     'x-timer': 'S1436610359.732227,VS0,VE1017' } ]
28 silly lockFile 5f2e066f-glup glup@
29 silly lockFile 5f2e066f-glup glup@
30 error 404 404 Not Found: glup
30 error 404
30 error 404 'glup' is not in the npm registry.
30 error 404 You should bug the author to publish it
30 error 404
30 error 404 Note that you can also install from a
30 error 404 tarball, folder, or http url, or git url.
31 error System Linux 3.14.13-c9
32 error command "/home/ubuntu/.nvm/v0.10.35/bin/node" "/home/ubuntu/.nvm/v0.10.35/bin/npm" "install" "glup" "-g"
33 error cwd /home/ubuntu/workspace
34 error node -v v0.10.35
35 error npm -v 1.4.28
36 error code E404
37 verbose exit [ 1, true ]
